# JRE version: OpenJDK Runtime Environment Corretto-17.0.12.7.1 (17.0.12+7) (build 17.0.12+7-LTS)
# Java VM: OpenJDK 64-Bit Server VM Corretto-17.0.12.7.1 (17.0.12+7-LTS, mixed mode, sharing, tiered, compressed oops, compressed class ptrs, g1 gc, windows-amd64)
GC Precious Log:
 CPUs: 4 total, 4 available
 Memory: 16314M
 Large Page Support: Disabled
 NUMA Support: Disabled
 Compressed Oops: Enabled (Zero based)
 Heap Region Size: 2M
 Heap Min Capacity: 8M
 Heap Initial Capacity: 256M
 Heap Max Capacity: 4080M
 Pre-touch: Disabled
 Parallel Workers: 4
 Concurrent Workers: 1
 Concurrent Refinement Workers: 4
 Periodic GC: Disabled
Heap:
 garbage-first heap   total 55296K, used 34094K [0x0000000701000000, 0x0000000800000000)
  region size 2048K, 6 young (12288K), 1 survivors (2048K)
 Metaspace       used 70757K, committed 71360K, reserved 1114112K
  class space    used 9394K, committed 9664K, reserved 1048576K
GC Heap History (20 events):
Event: 7.823 GC heap before
{Heap before GC invocations=14 (full 0):
 garbage-first heap   total 49152K, used 35797K [0x0000000701000000, 0x0000000800000000)
  region size 2048K, 10 young (20480K), 2 survivors (4096K)
 Metaspace       used 46459K, committed 46976K, reserved 1114112K
  class space    used 5909K, committed 6144K, reserved 1048576K
}
Event: 7.826 GC heap after
{Heap after GC invocations=15 (full 0):
 garbage-first heap   total 49152K, used 20550K [0x0000000701000000, 0x0000000800000000)
  region size 2048K, 2 young (4096K), 2 survivors (4096K)
 Metaspace       used 46459K, committed 46976K, reserved 1114112K
  class space    used 5909K, committed 6144K, reserved 1048576K
}
Event: 8.254 GC heap before
{Heap before GC invocations=15 (full 0):
 garbage-first heap   total 49152K, used 34886K [0x0000000701000000, 0x0000000800000000)
  region size 2048K, 10 young (20480K), 2 survivors (4096K)
 Metaspace       used 49346K, committed 49856K, reserved 1114112K
  class space    used 6265K, committed 6528K, reserved 1048576K
}
Event: 8.257 GC heap after
{Heap after GC invocations=16 (full 0):
 garbage-first heap   total 49152K, used 21433K [0x0000000701000000, 0x0000000800000000)
  region size 2048K, 2 young (4096K), 2 survivors (4096K)
 Metaspace       used 49346K, committed 49856K, reserved 1114112K
  class space    used 6265K, committed 6528K, reserved 1048576K
}
Event: 8.565 GC heap before
{Heap before GC invocations=16 (full 0):
 garbage-first heap   total 49152K, used 33721K [0x0000000701000000, 0x0000000800000000)
  region size 2048K, 9 young (18432K), 2 survivors (4096K)
 Metaspace       used 53758K, committed 54272K, reserved 1114112K
  class space    used 6917K, committed 7168K, reserved 1048576K
}
Event: 8.568 GC heap after
{Heap after GC invocations=17 (full 0):
 garbage-first heap   total 49152K, used 22024K [0x0000000701000000, 0x0000000800000000)
  region size 2048K, 2 young (4096K), 2 survivors (4096K)
 Metaspace       used 53758K, committed 54272K, reserved 1114112K
  class space    used 6917K, committed 7168K, reserved 1048576K
}
Event: 8.849 GC heap before
{Heap before GC invocations=17 (full 0):
 garbage-first heap   total 49152K, used 34312K [0x0000000701000000, 0x0000000800000000)
  region size 2048K, 9 young (18432K), 2 survivors (4096K)
 Metaspace       used 56344K, committed 56896K, reserved 1114112K
  class space    used 7391K, committed 7680K, reserved 1048576K
}
Event: 8.852 GC heap after
{Heap after GC invocations=18 (full 0):
 garbage-first heap   total 49152K, used 22460K [0x0000000701000000, 0x0000000800000000)
  region size 2048K, 1 young (2048K), 1 survivors (2048K)
 Metaspace       used 56344K, committed 56896K, reserved 1114112K
  class space    used 7391K, committed 7680K, reserved 1048576K
}
Event: 9.147 GC heap before
{Heap before GC invocations=18 (full 0):
 garbage-first heap   total 49152K, used 34748K [0x0000000701000000, 0x0000000800000000)
  region size 2048K, 8 young (16384K), 1 survivors (2048K)
 Metaspace       used 59273K, committed 59904K, reserved 1114112K
  class space    used 7823K, committed 8128K, reserved 1048576K
}
Event: 9.149 GC heap after
{Heap after GC invocations=19 (full 0):
 garbage-first heap   total 49152K, used 23110K [0x0000000701000000, 0x0000000800000000)
  region size 2048K, 1 young (2048K), 1 survivors (2048K)
 Metaspace       used 59273K, committed 59904K, reserved 1114112K
  class space    used 7823K, committed 8128K, reserved 1048576K
}
Event: 9.439 GC heap before
{Heap before GC invocations=20 (full 0):
 garbage-first heap   total 49152K, used 37446K [0x0000000701000000, 0x0000000800000000)
  region size 2048K, 8 young (16384K), 1 survivors (2048K)
 Metaspace       used 61354K, committed 61888K, reserved 1114112K
  class space    used 8130K, committed 8384K, reserved 1048576K
}
Event: 9.443 GC heap after
{Heap after GC invocations=21 (full 0):
 garbage-first heap   total 49152K, used 24350K [0x0000000701000000, 0x0000000800000000)
  region size 2048K, 1 young (2048K), 1 survivors (2048K)
 Metaspace       used 61354K, committed 61888K, reserved 1114112K
  class space    used 8130K, committed 8384K, reserved 1048576K
}
Event: 9.762 GC heap before
{Heap before GC invocations=22 (full 0):
 garbage-first heap   total 49152K, used 34590K [0x0000000701000000, 0x0000000800000000)
  region size 2048K, 7 young (14336K), 1 survivors (2048K)
 Metaspace       used 62539K, committed 63104K, reserved 1114112K
  class space    used 8277K, committed 8576K, reserved 1048576K
}
Event: 9.766 GC heap after
{Heap after GC invocations=23 (full 0):
 garbage-first heap   total 49152K, used 25489K [0x0000000701000000, 0x0000000800000000)
  region size 2048K, 1 young (2048K), 1 survivors (2048K)
 Metaspace       used 62539K, committed 63104K, reserved 1114112K
  class space    used 8277K, committed 8576K, reserved 1048576K
}
Event: 10.033 GC heap before
{Heap before GC invocations=23 (full 0):
 garbage-first heap   total 49152K, used 37777K [0x0000000701000000, 0x0000000800000000)
  region size 2048K, 7 young (14336K), 1 survivors (2048K)
 Metaspace       used 64053K, committed 64640K, reserved 1114112K
  class space    used 8487K, committed 8768K, reserved 1048576K
}
Event: 10.036 GC heap after
{Heap after GC invocations=24 (full 0):
 garbage-first heap   total 49152K, used 26999K [0x0000000701000000, 0x0000000800000000)
  region size 2048K, 1 young (2048K), 1 survivors (2048K)
 Metaspace       used 64053K, committed 64640K, reserved 1114112K
  class space    used 8487K, committed 8768K, reserved 1048576K
}
Event: 12.579 GC heap before
{Heap before GC invocations=25 (full 0):
 garbage-first heap   total 51200K, used 37239K [0x0000000701000000, 0x0000000800000000)
  region size 2048K, 6 young (12288K), 1 survivors (2048K)
 Metaspace       used 66128K, committed 66752K, reserved 1114112K
  class space    used 8761K, committed 9088K, reserved 1048576K
}
Event: 12.582 GC heap after
{Heap after GC invocations=26 (full 0):
 garbage-first heap   total 51200K, used 27802K [0x0000000701000000, 0x0000000800000000)
  region size 2048K, 1 young (2048K), 1 survivors (2048K)
 Metaspace       used 66128K, committed 66752K, reserved 1114112K
  class space    used 8761K, committed 9088K, reserved 1048576K
}
Event: 12.846 GC heap before
{Heap before GC invocations=26 (full 0):
 garbage-first heap   total 51200K, used 38042K [0x0000000701000000, 0x0000000800000000)
  region size 2048K, 6 young (12288K), 1 survivors (2048K)
 Metaspace       used 68849K, committed 69504K, reserved 1114112K
  class space    used 9145K, committed 9472K, reserved 1048576K
}
Event: 12.848 GC heap after
{Heap after GC invocations=27 (full 0):
 garbage-first heap   total 51200K, used 27950K [0x0000000701000000, 0x0000000800000000)
  region size 2048K, 1 young (2048K), 1 survivors (2048K)
 Metaspace       used 68849K, committed 69504K, reserved 1114112K
  class space    used 9145K, committed 9472K, reserved 1048576K
}

